<?xml version="1.0" encoding="UTF-8"?>
<!-- Generated by org.testng.reporters.JUnitXMLReporter -->
<testsuite hostname="KSP-PC" ignored="13" name="Default test" tests="1" failures="0" timestamp="24 Sep 2019 16:47:57 GMT" time="83.93" errors="0">
  <testcase name="testCase_JQueryDropDownCategory" time="21.374" classname="com.SeleniumEasy.Tests.InputForms_TestCases"/>
  <testcase name="testCase_SingleCheckBox" time="0.0" classname="com.SeleniumEasy.Tests.InputForms_TestCases">
    <ignored/>
  </testcase> <!-- testCase_SingleCheckBox -->
  <testcase name="testcase_singleRadioButton" time="0.0" classname="com.SeleniumEasy.Tests.InputForms_TestCases">
    <ignored/>
  </testcase> <!-- testcase_singleRadioButton -->
  <testcase name="testcase_groupRadioButtons" time="0.0" classname="com.SeleniumEasy.Tests.InputForms_TestCases">
    <ignored/>
  </testcase> <!-- testcase_groupRadioButtons -->
  <testcase name="testcase_inputFormSubmit" time="0.0" classname="com.SeleniumEasy.Tests.InputForms_TestCases">
    <ignored/>
  </testcase> <!-- testcase_inputFormSubmit -->
  <testcase name="testcase_multiSelect" time="0.0" classname="com.SeleniumEasy.Tests.InputForms_TestCases">
    <ignored/>
  </testcase> <!-- testcase_multiSelect -->
  <testcase name="testcase_JQueryDropDownMultiple" time="0.0" classname="com.SeleniumEasy.Tests.InputForms_TestCases">
    <ignored/>
  </testcase> <!-- testcase_JQueryDropDownMultiple -->
  <testcase name="testCase_multipleCheckBox" time="0.0" classname="com.SeleniumEasy.Tests.InputForms_TestCases">
    <ignored/>
  </testcase> <!-- testCase_multipleCheckBox -->
  <testcase name="testcase_JQueryDropDown" time="0.0" classname="com.SeleniumEasy.Tests.InputForms_TestCases">
    <ignored/>
  </testcase> <!-- testcase_JQueryDropDown -->
  <testcase name="testCase_sumNumbers" time="0.0" classname="com.SeleniumEasy.Tests.InputForms_TestCases">
    <ignored/>
  </testcase> <!-- testCase_sumNumbers -->
  <testcase name="testcase_ajaxFormSubmit" time="0.0" classname="com.SeleniumEasy.Tests.InputForms_TestCases">
    <ignored/>
  </testcase> <!-- testcase_ajaxFormSubmit -->
  <testcase name="testCase_JQueryDropDownWithDisabled" time="0.0" classname="com.SeleniumEasy.Tests.InputForms_TestCases">
    <ignored/>
  </testcase> <!-- testCase_JQueryDropDownWithDisabled -->
  <testcase name="testCase_displayMessage" time="0.0" classname="com.SeleniumEasy.Tests.InputForms_TestCases">
    <ignored/>
  </testcase> <!-- testCase_displayMessage -->
  <testcase name="testcase_singleDropDown" time="0.0" classname="com.SeleniumEasy.Tests.InputForms_TestCases">
    <ignored/>
  </testcase> <!-- testcase_singleDropDown -->
</testsuite> <!-- Default test -->
